/home/terryadavis/utkarsh/zkml-fpga/hls/msm/ccs/msm/solution1/.autopilot/db/msm.pp.0.cpp:5322:5: warning: Added loop label VITIS_LOOP_676_1:   [xilinx-label-all-loops]
    for (unsigned i = low; i != high+1; ++i) {
    ^~~
    VITIS_LOOP_676_1: 
/home/terryadavis/utkarsh/zkml-fpga/hls/msm/ccs/msm/solution1/.autopilot/db/msm.pp.0.cpp:5322:5: note: FIX-IT applied suggested code changes
/home/terryadavis/utkarsh/zkml-fpga/hls/msm/ccs/msm/solution1/.autopilot/db/msm.pp.0.cpp:5336:5: warning: Added loop label VITIS_LOOP_690_1:   [xilinx-label-all-loops]
    for (unsigned i = low; i != high+1; ++i) {
    ^~~
    VITIS_LOOP_690_1: 
/home/terryadavis/utkarsh/zkml-fpga/hls/msm/ccs/msm/solution1/.autopilot/db/msm.pp.0.cpp:5336:5: note: FIX-IT applied suggested code changes
/home/terryadavis/utkarsh/zkml-fpga/hls/msm/ccs/msm/solution1/.autopilot/db/msm.pp.0.cpp:5350:5: warning: Added loop label VITIS_LOOP_704_1:   [xilinx-label-all-loops]
    for (unsigned i = low; i != high+1; ++i) {
    ^~~
    VITIS_LOOP_704_1: 
/home/terryadavis/utkarsh/zkml-fpga/hls/msm/ccs/msm/solution1/.autopilot/db/msm.pp.0.cpp:5350:5: note: FIX-IT applied suggested code changes
/home/terryadavis/utkarsh/zkml-fpga/hls/msm/ccs/msm/solution1/.autopilot/db/msm.pp.0.cpp:6984:7: warning: Added loop label VITIS_LOOP_1248_1:   [xilinx-label-all-loops]
      for (i = 0; i < __N - 1; ++i) {
      ^~~
      VITIS_LOOP_1248_1: 
/home/terryadavis/utkarsh/zkml-fpga/hls/msm/ccs/msm/solution1/.autopilot/db/msm.pp.0.cpp:6984:7: note: FIX-IT applied suggested code changes
/home/terryadavis/utkarsh/zkml-fpga/hls/msm/ccs/msm/solution1/.autopilot/db/msm.pp.0.cpp:8824:3: warning: Added loop label VITIS_LOOP_25_1:   [xilinx-label-all-loops]
  while (a > 1)
  ^~~~~
  VITIS_LOOP_25_1: 
/home/terryadavis/utkarsh/zkml-fpga/hls/msm/ccs/msm/solution1/.autopilot/db/msm.pp.0.cpp:8824:3: note: FIX-IT applied suggested code changes
