INFO: [SIM 2] *************** CSIM start ***************
INFO: [SIM 4] CSIM will launch CLANG as the compiler.
   Compiling ../../../../../src/tb_msm.cpp in debug mode
   Generating csim.exe
Number of points: 100
Processed point 1 of 100
Processed point 51 of 100
Processed point 100 of 100
Running msm computation with 100 points...
Intermediate X and Y2431803826786318286748064855550358559796689744581791028369231344818562771401055856117727606617616203765092111804335 3217803059751044512584588899492413662540858138250707737468562033519535621754880212907538658925026267536442019354954
Result X and Y 2431803826786318286748064855550358559796689744581791028369231344818562771401055856117727606617616203765092111804335 3217803059751044512584588899492413662540858138250707737468562033519535621754880212907538658925026267536442019354954
2431803826786318286748064855550358559796689744581791028369231344818562771401055856117727606617616203765092111804335 3217803059751044512584588899492413662540858138250707737468562033519535621754880212907538658925026267536442019354954
Intermediate X and Y3915316493127154613125391757980864849047090447037284429440013577222101821299634506851027476958580106726939514812195 1556144675723517055949845653592095274115246300253436086767942715039658522059768946710637750021756455395786642782371
Result X and Y 2102294082950869445543922092005870183551466090437865494823646015624360027514863781846003471450994043185657972064355 1019137510921129765733397516297045954799604755395235360290904639232451079454744655765754761000126447966664193988585
2102294082950869445543922092005870183551466090437865494823646015624360027514863781846003471450994043185657972064355 1019137510921129765733397516297045954799604755395235360290904639232451079454744655765754761000126447966664193988585
Intermediate X and Y628831500390443955824886739720443498601606604596288147566689868401188124691205720015906946457378746331798645204733 3951233601432138310852017007241031303314817486402307398766757701957477549478819862668398582389095888895696452358697
Result X and Y 1094890051910497148696207808977154659746290760891034224451133718221868366349977729943047991727934404626356313421259 514778654648882751394157863678765083938329040325697101556168758731205927516407370628909038253493759217097218190817
1094890051910497148696207808977154659746290760891034224451133718221868366349977729943047991727934404626356313421259 514778654648882751394157863678765083938329040325697101556168758731205927516407370628909038253493759217097218190817
Intermediate X and Y1481633702452084365015760948726651870168689332136114548872529522577300683900486966807099902618525214184022584463441 2680791388979598192286274930492669662201757708665808391974518480668484507738581533531231747325338321647705896895950
Result X and Y 253139592842329386719804995856484148766150702520199481092961606423215420384816596643044543909679913774681626773626 3039331706277644238827329206201526706890550006249900396387771525147953598891715685656503267161150156162687607749616
253139592842329386719804995856484148766150702520199481092961606423215420384816596643044543909679913774681626773626 3039331706277644238827329206201526706890550006249900396387771525147953598891715685656503267161150156162687607749616
Intermediate X and Y732855646011788752685565283206810947128751431932983756426651813198327041441628402565819607495522799317684401679789 2992792625999071926093687385033646784706444408311852345492472239391430366025944438493323248607702278686909218616643
Result X and Y 2662662761976000915348483052211159172897845592744720808561011501215459781171477274412171149886763293809156978407969 2294947775476290241162774565020203108289003828195939089291878062879244068525788016178000900821617971414444407146679
2662662761976000915348483052211159172897845592744720808561011501215459781171477274412171149886763293809156978407969 2294947775476290241162774565020203108289003828195939089291878062879244068525788016178000900821617971414444407146679
Intermediate X and Y1832859759036140759498484725609695270460528901687511801244786811408679804112479626120674122307144204713978615124968 3006152517474637064941270811694819791827027841192583854960058325092239714299194190486550495867051911200292569738911
Result X and Y 2715802884766663904992649612714321346491380247292275110486134596283674121698548620232878167594007518324810236442232 2203072786532441124158289742409410158030833948450595737393299103340782765858436297553295948372264747067030601143784
2715802884766663904992649612714321346491380247292275110486134596283674121698548620232878167594007518324810236442232 2203072786532441124158289742409410158030833948450595737393299103340782765858436297553295948372264747067030601143784
Intermediate X and Y461551243663919987360072185046279343417013297631796152354480492646909769669662235271534073329642757818184342015238 401581476581550744347375126655453778540895518504365230815064108047819034463730296761777883768370167989498646855909
Result X and Y 351590221204195215809095094420491308025143915216990915301330726097170455423576076166212248626536190980890278848552 1715828056422947192495594383690357901010192610200762638968643314745345741124716893244428028051043770522211855638823
351590221204195215809095094420491308025143915216990915301330726097170455423576076166212248626536190980890278848552 1715828056422947192495594383690357901010192610200762638968643314745345741124716893244428028051043770522211855638823
Intermediate X and Y260864634453814677187716293020174998782567615293580481568211082500715077131408196694437349689711640362609833767094 2072787502263185642337379125279917145176654977267753245977605836159870436338442032262705160996483624291403294931137
Result X and Y 2782685454848970672412824924109577447381281291718231372881055214184642189246494028657212500212755294017704892947084 996388444909917756721915875495188405776506780744117004949697982243450075527901416461908734307205615062075426021569
2782685454848970672412824924109577447381281291718231372881055214184642189246494028657212500212755294017704892947084 996388444909917756721915875495188405776506780744117004949697982243450075527901416461908734307205615062075426021569
Intermediate X and Y1660588349256400761307581035396518885647046987379801720427296919839187583359599951426083266370766893096947080091272 685591926381076874655662483736835893991874822846757375582192882412688082887650476804885578799902194907519860491380
Result X and Y 1497463125049287259141084826911797132482793445709068234556548181401415314900447182063157884532550975250613473191737 877247650037541514732223391626638810009674152782947354267340080336540777277579788712822237677252206348494094896091
1497463125049287259141084826911797132482793445709068234556548181401415314900447182063157884532550975250613473191737 877247650037541514732223391626638810009674152782947354267340080336540777277579788712822237677252206348494094896091
Intermediate X and Y2564809564451635008007544500731394790725210915384954008591502493194549744831466339634307391261796758474691522494853 448296809692929057224265601383618796931985020733113391031985344278388061008031442215682393517025460121373902011540
Result X and Y 389341126587734148511571882498234274602289135619322875781363624643227689720759552262923955781607978580101095883936 2743836699267272504295845138131740605186050789330748939828269167874089487329909615100039610878045715340597284874822
389341126587734148511571882498234274602289135619322875781363624643227689720759552262923955781607978580101095883936 2743836699267272504295845138131740605186050789330748939828269167874089487329909615100039610878045715340597284874822
Intermediate X and Y479211651032879523051191165500403391163477658429266373600652732736153899215908957369562320759431233742864735277358 2727769119896306939851007086332816088777538346851788361293719448949211015705409880363653581225693410607377442704943
Result X and Y 3457616192326265627679689097109405833583095345978387433152452075031166651312122335018990043636487101320796866270588 1886103570412850823038037059370121262961623101668032205027504719898190390733584749333594251891481540379657874171901
3457616192326265627679689097109405833583095345978387433152452075031166651312122335018990043636487101320796866270588 1886103570412850823038037059370121262961623101668032205027504719898190390733584749333594251891481540379657874171901
Intermediate X and Y3485777414673959771098991525908163141590814982933297169681323576792994113303641631733099262867980533465165341532837 2164868953668520202409014322610170932567078648499439888027280948905316386635807254800253343368953075570777229039145
Result X and Y 1814062286258044363455070907169523686444387512393415939679538395012694713945892407993506017211951851844096505312058 3046587037955342102498863485215706037807058673967247915086988721625154969826252745018544151304199101696608517971921
1814062286258044363455070907169523686444387512393415939679538395012694713945892407993506017211951851844096505312058 3046587037955342102498863485215706037807058673967247915086988721625154969826252745018544151304199101696608517971921
Intermediate X and Y1680689856173168054051596257174198283082789739847095165232884173820312800042508861712418596990443078690157429325003 2230589074170614955857823243143147695100392797115989519563098372401306924903241837686076687441796456654408567033084
Result X and Y 3302852626586836962492020892357372726149436098871023755082151349103363410084343479749283791317549869554458617952761 395146196938189593780947465976174106832156001624716989182599152512276163067856362395725826111854832945158724356749
3302852626586836962492020892357372726149436098871023755082151349103363410084343479749283791317549869554458617952761 395146196938189593780947465976174106832156001624716989182599152512276163067856362395725826111854832945158724356749
Intermediate X and Y3318186400740050539249877428588680988370312164185336162580925916999847189940989377311360648842372505521181282153893 2931689208448267695808274319401382308835081384309376363523574355392431847094195574013556566621002254942587355885846
Result X and Y 962825905983427072232935914863926406768329059536075265398937277671197096952946702558221324578965328551367439170215 2913953130039793475596032875621245796440516017805697412753664963456020263844785750565039395474565714444400358336858
962825905983427072232935914863926406768329059536075265398937277671197096952946702558221324578965328551367439170215 2913953130039793475596032875621245796440516017805697412753664963456020263844785750565039395474565714444400358336858
Intermediate X and Y2877349930144843343517373405799585085426663267752203339242242282755764698833788916875659121740706995415824335222810 2451543532604887589655115095318881358213110153488592697400298981848598524363907181080096115806682482174228618783410
Result X and Y 3623147734881038042435331356504349501365356310373194364004346747485697453955101211682344805677017353790913096372992 3593641067893133633967382904674167108421297026112950060799719675821670593828173978501353311937614357985310055565795
3623147734881038042435331356504349501365356310373194364004346747485697453955101211682344805677017353790913096372992 3593641067893133633967382904674167108421297026112950060799719675821670593828173978501353311937614357985310055565795
Intermediate X and Y3921573004821232154597828545954898473202946644482976707650168541142059665998445099145161676668220848717020251149064 1148165409769730215023643374485522284527765736870603930823177131239757859178641280052604234995153198548328065710503
Result X and Y 1240515193992718430302992487818264170137248394292005188820540774360128630531769335846838081652206097255576529920413 790565249920041497063362229820816022726223292624311408354680446547630702475776038417287292208294263743850639002950
1240515193992718430302992487818264170137248394292005188820540774360128630531769335846838081652206097255576529920413 790565249920041497063362229820816022726223292624311408354680446547630702475776038417287292208294263743850639002950
Intermediate X and Y1601517165361818738243036439447234382642042847048370628188986878242085740829335048828311565820201114098898959139858 2831159126997509101994447533757190500607038222625826957145660781835329108740367812501066877244621041912643280817022
Result X and Y 504394910586948576216293893344123170287526914252494099585797020976017405916070202933573044614389812585479082704577 2654567213936548115083650709285962524698150573346094741543161918823794060258931802160352201030689999620725027753339
504394910586948576216293893344123170287526914252494099585797020976017405916070202933573044614389812585479082704577 2654567213936548115083650709285962524698150573346094741543161918823794060258931802160352201030689999620725027753339
Intermediate X and Y1799666492253275533419250819767221420162345124746715858141843638877150300778846309661688812255056433438867172606775 359987341664775694208074011032357794510677238141297345262735450256435956159665370662054991099835324157596641133397
Result X and Y 1419394412009623281285385947768446419015712810662823731217953655009715870658080149871702042773287453751242855774134 1776592775599833906031241144630915372286800484734703195317476554120174259649516101002568864103260203744221606342110
1419394412009623281285385947768446419015712810662823731217953655009715870658080149871702042773287453751242855774134 1776592775599833906031241144630915372286800484734703195317476554120174259649516101002568864103260203744221606342110
Intermediate X and Y182070203135964317578240765692292277530706345269004776906401261596758998280394277629316213818013384616677128446420 3742209610992746644134865223119140360190401131355679461171278753067574140660793279559645912486659135072437552364229
Result X and Y 1083556724276772314075628050329481608745753848845979992437976060237225039225370081996365786182316693130406836117213 1802602405218293125711357882803829687242146276830365301439538810162438562513109530499501482235734355591739305652383
1083556724276772314075628050329481608745753848845979992437976060237225039225370081996365786182316693130406836117213 1802602405218293125711357882803829687242146276830365301439538810162438562513109530499501482235734355591739305652383
Intermediate X and Y3530052131394256489353226433500896745895786299397313113435822995853538180903495366230466665808169245981024235908651 3119349404928857503806303419052911053450992416734571464284931295256324859229468271264992441616418217411105487489457
Result X and Y 1547504220692326504677515031865879796907326609113515828476236440072477455039334437822421818986249473403863709576027 2929533068728256432504125728723937186556358185192248171107627862561690542841221943729258978131986902948518330525189
1547504220692326504677515031865879796907326609113515828476236440072477455039334437822421818986249473403863709576027 2929533068728256432504125728723937186556358185192248171107627862561690542841221943729258978131986902948518330525189
Intermediate X and Y3832918619471390648411413264209522415111491168645975041107939327877486250220966146407719681687989643117802073275112 2630786365189470047585639829490744779295425194558931012389763947742227865804564819480802617586969204140283064697057
Result X and Y 3087225881727833175962748844481704315824400872058889471124006341530256681014832079411008249923485605522920904291701 2574558154644000843937743576022160680819343120124256661138360256037390629443497313344375942089126807528566289714476
3087225881727833175962748844481704315824400872058889471124006341530256681014832079411008249923485605522920904291701 2574558154644000843937743576022160680819343120124256661138360256037390629443497313344375942089126807528566289714476
Intermediate X and Y107972822321997390052634373704086842054768379329393545337695694570117181207975930311487932951789457109057606622651 3791442156134404416163798323063935471387693097886348848134891344675569514700374839286070389364710662042642572883764
Result X and Y 373457514625489130855259281676303189052384245383083656782053359263444240327248722163315087302382336362670018678634 118553586497860193682609679315762157058012317572879589259690860593114638582140774396481471870008864744767412613824
373457514625489130855259281676303189052384245383083656782053359263444240327248722163315087302382336362670018678634 118553586497860193682609679315762157058012317572879589259690860593114638582140774396481471870008864744767412613824
Intermediate X and Y3357191658567559781925567489113154923359371278715593374567680503857915041013286161572255228447536366568330617270880 3393047755072860833426387154140253300151412175539641944808949371931512878604892016021954870137348366294735366579106
Result X and Y 619199257670383266938433748789876600037015680770443471355649812499047732129778194754256173784577541228399202069843 3578123010340744121342393481459012662136802031368329440795493977812534986329932157185229222916975394522773205920640
619199257670383266938433748789876600037015680770443471355649812499047732129778194754256173784577541228399202069843 3578123010340744121342393481459012662136802031368329440795493977812534986329932157185229222916975394522773205920640
Intermediate X and Y2548770781351510217494349333668929076320964761904451800084180804248933068124402560303265386799219556491155750020880 2080374359391949576614329481378736164523935617935523136019416736768755900903792551813831609109334195159828162787362
Result X and Y 3685705891248959799800307620288183392303973810822591738744928465008382901954039260254572957004240412442895716465157 2458719657368116315157693706349574470643955550481935155874940564798327359706368325023045540348139462951445049034011
3685705891248959799800307620288183392303973810822591738744928465008382901954039260254572957004240412442895716465157 2458719657368116315157693706349574470643955550481935155874940564798327359706368325023045540348139462951445049034011
Intermediate X and Y3030421201720562390183000027461666672852620408353711581472170230928754920042069615863763046750591673548010646114896 3056747366432513186677561557586646265450684230745036305517242532337881813934855776208427040538857337581375943190323
Result X and Y 1038737078425248641866804221915179783354348741488713733322299813108897115837649411143525269234433245230703033768571 79572829893178059734044849334834000499473656453699917236287921371083547770703073752795574167924267723711470546162
1038737078425248641866804221915179783354348741488713733322299813108897115837649411143525269234433245230703033768571 79572829893178059734044849334834000499473656453699917236287921371083547770703073752795574167924267723711470546162
Intermediate X and Y3894050597318815093915812069597465622534758146319041828845461840522256198091146773936826887031146456264199909896077 1861565335746195271345729377686294364449993442278362582081424602437601116509751391646925118806627387681423210204506
Result X and Y 3458281265183671071233372067137073211374470692045617898529972890241786837996074556324045418181549547411743168874285 1572289631648277415952053966861487391447901870229231131199619676179713944995746476747674000943837506276579224120337
3458281265183671071233372067137073211374470692045617898529972890241786837996074556324045418181549547411743168874285 1572289631648277415952053966861487391447901870229231131199619676179713944995746476747674000943837506276579224120337
Intermediate X and Y3059697879336098862774694262455659349384619827019224714889478616144669040571753758935549307841875350429379109655679 1146630054290528773663629937672349497042950407383545204643067747188728051944602168977410298571926737228641671730972
Result X and Y 2520911827594671272991548151621806441795130760374976856849878102173150394477059672594302881706350400628403435233436 1924643327506250623367949831434372905521996165406737307261983799259320952995750821329952463411372919211191503625368
2520911827594671272991548151621806441795130760374976856849878102173150394477059672594302881706350400628403435233436 1924643327506250623367949831434372905521996165406737307261983799259320952995750821329952463411372919211191503625368
Intermediate X and Y2097644873350093776843429582433308041257798986483729433570241947660762004488046207345812468779727266614041428728374 2757980916189145414465429903508156845031086684611006634794047636054123433411266283832878848141222037096890072556586
Result X and Y 1821323268142721368628780892193504796986235748296337317889960205782121198283889883140236978790627649848664252275261 1475534509015888782337538299517096076432247711169589160712890054565647263786624082334734746654185285273134975391742
1821323268142721368628780892193504796986235748296337317889960205782121198283889883140236978790627649848664252275261 1475534509015888782337538299517096076432247711169589160712890054565647263786624082334734746654185285273134975391742
Intermediate X and Y694218883931866169084464225261006444704582452207876706661191072942410831975145356052787107522155860597829578851364 2091772389663325999057085335436946749723335464545161780669294967714126783999747129291029542319484268581905370464201
Result X and Y 2201085469141350050402294060281851227727433872028425288349899266911599759546159123776408594227913689925604464361334 474437580505849556669607936514479600047102496033891884760644525547735936372490722871187786086969056298297167331330
2201085469141350050402294060281851227727433872028425288349899266911599759546159123776408594227913689925604464361334 474437580505849556669607936514479600047102496033891884760644525547735936372490722871187786086969056298297167331330
Intermediate X and Y352908782333934692109164855049330004363176724814634445384644495921672695732080227665487927564910589515720204484295 1205963792526140202798638533801725785865580477317490193880414463696282389474191778899914251722953396103412109189625
Result X and Y 1585862109446980044730039646885565319837978374629097648922976605816178669763487970825592037724524644241282540240329 385407489251264169112586500844535359522703192961176934135455190451608048315558718115276087779425748560209624104298
1585862109446980044730039646885565319837978374629097648922976605816178669763487970825592037724524644241282540240329 385407489251264169112586500844535359522703192961176934135455190451608048315558718115276087779425748560209624104298
Intermediate X and Y1409305229542835618045701656278341401094384693172185220791734286592268607342931020469677910502870988261862309762820 2206608653886279700297518737789683374890889395629061332814601640846769802357999207704813281363228859923714323969302
Result X and Y 975883252102128032894852233734467355903263208796920920174160118958075357526233936042660183515148331481056292876112 2657331805243791143435833742828302563079906158489428549461597377877869160984474735243591877730289029974795818025057
975883252102128032894852233734467355903263208796920920174160118958075357526233936042660183515148331481056292876112 2657331805243791143435833742828302563079906158489428549461597377877869160984474735243591877730289029974795818025057
Intermediate X and Y118581241504161898558885562468861500464880990712104024039823540402776539815986104972563224881086457232688600018251 1168921482559703290710163861109579759923284321296374091710714560960374575521941805086264529056009137945418293061507
Result X and Y 3959192958554187376024304514838909125851571500640861996642805732655622810535974032299722239718918532679449159324297 1227456326391315551105443152475176226135654001529297480992746874452168917579811064435575279331203507994603658985511
3959192958554187376024304514838909125851571500640861996642805732655622810535974032299722239718918532679449159324297 1227456326391315551105443152475176226135654001529297480992746874452168917579811064435575279331203507994603658985511
Intermediate X and Y1262641055503675522149264838091637815465290624095168310394419354806622160664117857013631716602802594783521716872802 3823266116498285790965735295930793964829256989383805260598592665230289721433574362628626439263506699534582101754295
Result X and Y 1449890046862364589365735565901407881755061312351764747407222514412099593317541605466312265366391757758800959775161 1073999986288151369136210797823860692451077863098782227574720799404845904463790170590396456196127541740293421953130
1449890046862364589365735565901407881755061312351764747407222514412099593317541605466312265366391757758800959775161 1073999986288151369136210797823860692451077863098782227574720799404845904463790170590396456196127541740293421953130
Intermediate X and Y3337924456348231185395290342749508954731877314807196009127794946482735908116213324558860061406022074576186031702671 1345795863035860830412102261014782778802736268116164261858125487330959353015080939833156115653275329943234448700384
Result X and Y 2928773180882824828779249565594755236019491218182560157514002443155439370239441668424033888012858236417821854308073 816302880434303967232853069086845821635980017503386430723924091196981672076389187561071503825870060026400534945002
2928773180882824828779249565594755236019491218182560157514002443155439370239441668424033888012858236417821854308073 816302880434303967232853069086845821635980017503386430723924091196981672076389187561071503825870060026400534945002
Intermediate X and Y41547030912125746679911845507273544261767978127504457792808370419602345931521836280865771745274746432503893339105 665849218319852647440673809094364104584172816592694144214492395432216636925672702169721217287304643991096404413201
Result X and Y 194120706149179987101910595311348813616513314279448442955982021932712240480143766651999675072972542333324222647954 1518117799215364454317334702777411985138081697608805344181669441726425157280579093759985110707370278973975517100047
194120706149179987101910595311348813616513314279448442955982021932712240480143766651999675072972542333324222647954 1518117799215364454317334702777411985138081697608805344181669441726425157280579093759985110707370278973975517100047
Intermediate X and Y2310754184335410710622860344872336982000061725752258433318898500341386730690527632905813340246878255316521142977296 1923205670844318508027575086525364280351960282988064633976184979637874636835549773279304229933049259913380655368271
Result X and Y 1540797579802286442369577365307851793563343483316292121392188946801996301195178528284043419892466850252298677962600 1777898814238601786481557187017404899141715361928785275749312658545025539852516874011220007089624416366359094844675
1540797579802286442369577365307851793563343483316292121392188946801996301195178528284043419892466850252298677962600 1777898814238601786481557187017404899141715361928785275749312658545025539852516874011220007089624416366359094844675
Intermediate X and Y1382682208859314995071919514782163362477101319601332550571438558519870923174162125534044226504839703590624736245440 3759022764735787867229126974220021165873122869738991685217566945515813385523659009800810415265730375821712081437333
Result X and Y 3691741834970209027066925348541560588006017286100799385688628417137553606804231632351420440786079259991652830805116 2866010484605217669061840773440588437045692840228120818609271416529423928070644214247200346112982399921437374209226
3691741834970209027066925348541560588006017286100799385688628417137553606804231632351420440786079259991652830805116 2866010484605217669061840773440588437045692840228120818609271416529423928070644214247200346112982399921437374209226
Intermediate X and Y3116333633170197567520399554452527446392749054706333897330243917114250642018283907242726993246419022004059016595482 851616724019321771184577907671123624173750542821037977366674320954634481841591857609601651107088185740552333911490
Result X and Y 676459728624875641491025596885681248936425372099813380199402249881828258621588255952228233804047218460441660965164 1407369351699057597146280780131211873360974703869465037283884223998393297854250712649753222689586114699209236980279
676459728624875641491025596885681248936425372099813380199402249881828258621588255952228233804047218460441660965164 1407369351699057597146280780131211873360974703869465037283884223998393297854250712649753222689586114699209236980279
Intermediate X and Y572522321281812803544676186778361217174119491494442354292903197755687267566236613240924019497273475075494737171057 952157105356062501780322153887320144195830635893064344510213301210142452035943290031795952746406449138329468771029
Result X and Y 2933413331419340034079016877459722914961844962017421477301555268903742779587802962495169990756833133615888141258465 149529446922949109950522961486499632575431263362078252888559268046234358273442566531316152625766978698424778252981
2933413331419340034079016877459722914961844962017421477301555268903742779587802962495169990756833133615888141258465 149529446922949109950522961486499632575431263362078252888559268046234358273442566531316152625766978698424778252981
Intermediate X and Y2257872911756776141842501111717822285386312994663792815826448529176277514347948545721494858069228587411972870333901 1253180838087833766929705240755913079674802367383624202429004821720384359770025028640562868679436236356081852510944
Result X and Y 2227719845308773640714822157415743188057630653567784044982830151732058252330421300096363540996537098676398206761399 3539941519838893429674065568858343098658744033781544803633148317146487022420854680757843209108602167610767139980993
2227719845308773640714822157415743188057630653567784044982830151732058252330421300096363540996537098676398206761399 3539941519838893429674065568858343098658744033781544803633148317146487022420854680757843209108602167610767139980993
Intermediate X and Y443789006641348181847172822740395407975558904634484768097850083752017032297681105581662562913756379884683677731452 1641266403965546339643132049436408102818107975612301959194190550217837945830242401540850209296060499595008446896075
Result X and Y 2259854646640705036028937418359259581122182831702108169107622349633793805090034597215104046848368587036601456933239 954185500903570382689386492950092801035340099513065146973083899203808921890012982703604563649118447544466876536576
2259854646640705036028937418359259581122182831702108169107622349633793805090034597215104046848368587036601456933239 954185500903570382689386492950092801035340099513065146973083899203808921890012982703604563649118447544466876536576
Intermediate X and Y3779411051174530950997038619991470638885531043603844358274448087637214997747135522385514466303623163726389215427225 1635310346279792828123513692123658753816735230391313340554301658547635757425409657085336114600201161768849973779273
Result X and Y 229129721138883527007756722800262317910855055001038311680613538997216324641696432957940215652262096532737467654294 3927402795432226198554451598705053464597712165648311201268323639548901452640427143298066127943140611039532969236361
229129721138883527007756722800262317910855055001038311680613538997216324641696432957940215652262096532737467654294 3927402795432226198554451598705053464597712165648311201268323639548901452640427143298066127943140611039532969236361
Intermediate X and Y1624243971987234457019033281071551278075354400185118793209732116742119902514408258773295926200235027781744032360322 1485098291313095122199177646522627771732229545709486767759096032132756047632742251874562527509771588214012228998414
Result X and Y 3256396621253983116471272314957149274159483835136870835649104756944019599114848390453510539305370227472611386052136 153530823228238768421446326887805293391438388046051876226180206969536544351474061903911542476599801518500249753721
3256396621253983116471272314957149274159483835136870835649104756944019599114848390453510539305370227472611386052136 153530823228238768421446326887805293391438388046051876226180206969536544351474061903911542476599801518500249753721
Intermediate X and Y2543760080998957962794402080000379639091140952819199074097301608312377276497445094138945712148611980146715795245673 1192948304272283573450666167364603050918361635132286268224065461345341483217849814234898237311347856680990863602410
Result X and Y 2984111214684810770028354356185423063787894321544681810728368133902743028326067271725137930133768334895412833481402 158766088199229684813425583402816939703576427277052522531301560657495396222279830073343824886070684885109108406346
2984111214684810770028354356185423063787894321544681810728368133902743028326067271725137930133768334895412833481402 158766088199229684813425583402816939703576427277052522531301560657495396222279830073343824886070684885109108406346
Intermediate X and Y3615862438768827085203667713681054807580585405680961023403436575589987247297505166729893425535107659129811368271739 1317085815455640432165960356272047881853539630372833456937863519799893090555409106761582071865950755912952598284809
Result X and Y 1499751059187498860586899870286267394399227807669177218064571460545655927395832159042073817167944516963861553839033 2331072640741299602531487240713706440817128838945370113303886225669033149272945736093946446034572065933350180879628
1499751059187498860586899870286267394399227807669177218064571460545655927395832159042073817167944516963861553839033 2331072640741299602531487240713706440817128838945370113303886225669033149272945736093946446034572065933350180879628
Intermediate X and Y3733707277264046898707713316671699988349730583330243909451409226071354169476884055434060028045435067542717550819345 2293695162369367861385491911131090371373722968264409827684538209088704955310682871945202830422088921874459673431756
Result X and Y 2105884734080085723123691352263148976646249429642706864388995726544553054311198383747458715839778289573958832263894 188204660120560792705311113508267693590079100799239693124127570402885246244165101901609170868797425885336592952201
2105884734080085723123691352263148976646249429642706864388995726544553054311198383747458715839778289573958832263894 188204660120560792705311113508267693590079100799239693124127570402885246244165101901609170868797425885336592952201
Intermediate X and Y3718675724120019865796631319900597113898109774703712940770565030555274776859996003421126831977421287035490717727101 1149425475388952167322266396563627418829987055178423118509802509588790211866775879342080581385473013423203708605106
Result X and Y 1471608290197542057548645792808622094932653748641147644407301643592165269896909177358450884486886710336317677012496 994940056570752589281530736162361117080226539963872982644394665171355554365663601315745818242607463777304169223892
1471608290197542057548645792808622094932653748641147644407301643592165269896909177358450884486886710336317677012496 994940056570752589281530736162361117080226539963872982644394665171355554365663601315745818242607463777304169223892
Intermediate X and Y1671041999118921053851629879305650518094237489578792273250108187604585378880919240289408914743006620128188144235251 1620549848254296376771435522382713820494178594290938128947263474782586915477736477654951217185906823311850613054127
Result X and Y 2445306036490464483480610233896694745329353068607659784628472791044214491921138076579840602822017403240892933105111 2158163710039144527345965803018269483220215622268739252470539301436799949550090478366439808562497888004662954712252
2445306036490464483480610233896694745329353068607659784628472791044214491921138076579840602822017403240892933105111 2158163710039144527345965803018269483220215622268739252470539301436799949550090478366439808562497888004662954712252
Intermediate X and Y1294726271022916739875349017293675107416206358440144502147767816951901823202415364994974627173467791235988561553570 3554891697027279047363998622289228302448426107278943736226547039162558079464596577754424874544913547351108455957415
Result X and Y 2147952419846378871378997061844965243874249748395652068264912024771822926719426279114966789452346606687278023733809 1330225503164422849591364250925969419415020551021320673227814199717152874004698655397057268384031824736202346228030
2147952419846378871378997061844965243874249748395652068264912024771822926719426279114966789452346606687278023733809 1330225503164422849591364250925969419415020551021320673227814199717152874004698655397057268384031824736202346228030
Intermediate X and Y1104444161812239337243971572159641565700773579645468123357884715977077412354425585238470154773691319414194054093735 2482449553862972327465616869198760023753194675059753942089028840222384930786790078611156427735162696709037388796265
Result X and Y 2633798368667771081277610797129419190719934204382063368197599409948460175945217926762982837233495765583466095274649 2790422068438166532357279053320882095386254601342064791365779400715651914559117534020837813880954212535549996472830
2633798368667771081277610797129419190719934204382063368197599409948460175945217926762982837233495765583466095274649 2790422068438166532357279053320882095386254601342064791365779400715651914559117534020837813880954212535549996472830
Intermediate X and Y512402052741295020371535802231409950667106831787094318875718651128205317923254240611791895582342233642013819724964 1430503453745722336754578730367651409827007464285041439806846495060609940155103508150120191747401326462951343280269
Result X and Y 1527148089462075994026173083934095009047758021935736494003954066648407682091786639377560559933035279640521106603507 2230235409990959100864358864175510332207266954453076959304390868782778758860466432956889036028502809211345639510632
1527148089462075994026173083934095009047758021935736494003954066648407682091786639377560559933035279640521106603507 2230235409990959100864358864175510332207266954453076959304390868782778758860466432956889036028502809211345639510632
Intermediate X and Y1057568163693925973545211627513723655252560129851891717106132802539925692603613410378764001731097820849462682599109 2960949830173970505659572852065502820475307809290645199319990700403051559931194438150627183449501719094261380734675
Result X and Y 1120382896540279456696669880226857642815362958009320062074535962246729936052697539002911256125915831835775445515244 2083410078918924684710455003655473613754703449062188449887132428919589678455716348407601855869202346950550358416751
1120382896540279456696669880226857642815362958009320062074535962246729936052697539002911256125915831835775445515244 2083410078918924684710455003655473613754703449062188449887132428919589678455716348407601855869202346950550358416751
Intermediate X and Y753441436687448232560818059950383514544209696857232283062296069426835436699140233103815255479092414914195075003439 3048707328354523435663444018210681435164378305940986402191462003908174067619547761747786387965169554354781460022929
Result X and Y 2474839699197649229291671529693462752178049583589962403429875456313292467346923127379859968874611471828315941622919 186403869024223540534035934180500635862329737145106925276388169296606687056328601202898019905005384733839734697506
2474839699197649229291671529693462752178049583589962403429875456313292467346923127379859968874611471828315941622919 186403869024223540534035934180500635862329737145106925276388169296606687056328601202898019905005384733839734697506
Intermediate X and Y1830040918646110921352086120449489850543052177665730704915921764222603653241364659722914731414990371456002989840639 3863225377169174507384523629146092393941703599414857709282678589204997801309338853599999972208710151768144272744797
Result X and Y 1329747481949223840085203201068052201590949936077086823701824753296609112268567378043915294313606903908274197836144 49858021543837716746516372321346576369590390528540050709400912201048844148796765731929626383174445589664135198977
1329747481949223840085203201068052201590949936077086823701824753296609112268567378043915294313606903908274197836144 49858021543837716746516372321346576369590390528540050709400912201048844148796765731929626383174445589664135198977
Intermediate X and Y1318762813998324056875788753031036058543373195507715470117037046248251222561592395526459557358466928315604755119767 1570381872806000798634114069599851272567641321849034009669592864172936960049127190386538952335763720560507349550723
Result X and Y 3007868905042844409767499484759366840340709337414659576200720856922989414971660554285323183770812650120932061089408 1956355244047115173933837362215806665693233530444061420879732141990489119773800329573756613082403367288409695968434
3007868905042844409767499484759366840340709337414659576200720856922989414971660554285323183770812650120932061089408 1956355244047115173933837362215806665693233530444061420879732141990489119773800329573756613082403367288409695968434
Intermediate X and Y1879485706628559172973414727773883187983159905881144645550139326640500990799079663418044723478265266888611082689068 178485648792102466638891052042846241974434295702983636543262047017272996458492398596604789972536188063447922979538
Result X and Y 1678346621655991489383432936385310234105021045942426480318910555770579561508781848086417275814559879383408526889859 429934865201351332398398859002594347591738781928818703192084915744011298292387877456910290726942628966856954214049
1678346621655991489383432936385310234105021045942426480318910555770579561508781848086417275814559879383408526889859 429934865201351332398398859002594347591738781928818703192084915744011298292387877456910290726942628966856954214049
Intermediate X and Y3150628102383472010135946832144382413900777413447833198094427369080594069908354378772307721701367277741749157648288 1968737574787859376407201402208911360038972827554038856891788170975550590066863156785108553886335999423814026782315
Result X and Y 3123482968067827980029726334687855126484232836407687358483543036226926508105982838700422397882353938688607789933017 1048289868869795677426233640405799925005691797770751353429936167162526129817858934642629560625580831948865597101214
3123482968067827980029726334687855126484232836407687358483543036226926508105982838700422397882353938688607789933017 1048289868869795677426233640405799925005691797770751353429936167162526129817858934642629560625580831948865597101214
Intermediate X and Y3566424728891625282261677137114411294034579723737458802187044986210516355034178152938833692886852644233677908872144 3741572578810004302849594199736083425061391139261016334942892375517582103920258020731972624456446844002667053890392
Result X and Y 2444795840955478002002896683263942986879496936416162438790664689302684707194702917014734948460336202409560009045077 1697595833609462142246121191454663153014605365479310604932863440563803884716105991598267317208051641244770011935643
2444795840955478002002896683263942986879496936416162438790664689302684707194702917014734948460336202409560009045077 1697595833609462142246121191454663153014605365479310604932863440563803884716105991598267317208051641244770011935643
Intermediate X and Y1109754244529404537459732866242118517404410992013579762087250186530701560567825692802481588197810992237085751259989 613712611711894782958390238000321249876177923444774138770025396283009510370925706107024797297010797866754473166078
Result X and Y 751601479356411723203420146849292765732519569157008796108203972127196524926722712123310072599996554703689851697653 1429893208969579672586793130163676920427042058190243473357741916090665335131361840140691071536987531634037651369573
751601479356411723203420146849292765732519569157008796108203972127196524926722712123310072599996554703689851697653 1429893208969579672586793130163676920427042058190243473357741916090665335131361840140691071536987531634037651369573
Intermediate X and Y3718878368117362945660857441478295566434571580095808497689172816343250354100563849580539421116252988342562458907835 291212855975584254012052841051474444605354895297943646023173626913803522427640402635694012692651621655009832070402
Result X and Y 2659558443231004005152048818570694706715990480430213854095860391518286293392847177084768685415651818853830307508523 2853269792393347829155801872508623536036038783460835982159594618708258143106599633560961798687680362511717630121234
2659558443231004005152048818570694706715990480430213854095860391518286293392847177084768685415651818853830307508523 2853269792393347829155801872508623536036038783460835982159594618708258143106599633560961798687680362511717630121234
Intermediate X and Y3117458914562631296034781490910334257272493636890309899810764702420137120239394906697801790217615262164721873828804 2927038235361379658357483704424697844055890155686680542878417118835646713266327473485606631611943716410511750322071
Result X and Y 2657223717389727648931835856798854588383691750729949086336773159575071740652678820103601592794886829124400656932467 3672655862523152580808609119576908045756141097278834279384620541610868492649909038395472167919607726871603651900090
2657223717389727648931835856798854588383691750729949086336773159575071740652678820103601592794886829124400656932467 3672655862523152580808609119576908045756141097278834279384620541610868492649909038395472167919607726871603651900090
Intermediate X and Y248443820961561129237215329223925709509734185378629986343898660086014316500340345866446175893649237396969424054722 860348399591056166272800495241441801335540784884100164502295265409355563740951006214624312079971464646406236522043
Result X and Y 2225139758488243974384587031354290881989725606102280664639908274206439486298214511783249636978999863926926659100094 217265178440966906448716655767379915673494916846551246838075968493199232936507815787341562143422227092763687293549
2225139758488243974384587031354290881989725606102280664639908274206439486298214511783249636978999863926926659100094 217265178440966906448716655767379915673494916846551246838075968493199232936507815787341562143422227092763687293549
Intermediate X and Y1767823074782565213229508702328459109179108057479142921003752791221216896657441060258643994127435024948710343521721 1144978245969715577363737565029809770191847549417159728498583682387769075800408777838152417713263786938471457424501
Result X and Y 1470525658613536017244063469183554587014787650728911369237569760674839709491737427522032212924044573200988808335207 2356707701157260363060085832076971464839846885866944237874413237210070642497145274635019115352017878076489690237085
1470525658613536017244063469183554587014787650728911369237569760674839709491737427522032212924044573200988808335207 2356707701157260363060085832076971464839846885866944237874413237210070642497145274635019115352017878076489690237085
Intermediate X and Y489384551026897283645803070073679560671468116003695189577169768119696854898017675926414225511530603318494283597254 3462590798027196586407733168216474010755308095852295964746671967583098689569716560003694177445037708018250819500500
Result X and Y 2271383542994468614762726491235010659146986585750322331457356578520330561438352556567352123446965551082598948420020 1346753267919816926375804667645845673176065199345249441170068581852710986803771067775137414026337326757138020337719
2271383542994468614762726491235010659146986585750322331457356578520330561438352556567352123446965551082598948420020 1346753267919816926375804667645845673176065199345249441170068581852710986803771067775137414026337326757138020337719
Intermediate X and Y2644461282075402555659010669342172894009964271068398905923445238361712760497681335418058139743824471848116770087392 3130603795261023299773606385590560669698654763511863586151733332129055189232173239259737927088244613307895546608292
Result X and Y 2202228981143036812477201551441957908126021011790867313713771774832885357610842543912815234250154866313334183950034 2365518347432746949445983892845711583299891122863504597030146270098115368485540590130883307999644541951810906442533
2202228981143036812477201551441957908126021011790867313713771774832885357610842543912815234250154866313334183950034 2365518347432746949445983892845711583299891122863504597030146270098115368485540590130883307999644541951810906442533
Intermediate X and Y3473592309640659977780122598650297207960515615692908687076644571838469262375701037484566434701191900889825598358470 927491808708115961780917562513359162037158161243064997881092367884791742644920607682917462443393310449756666936713
Result X and Y 493450206197554455903416285136120016076033140052604230719628030909709555721676721944179905152248972257127717767989 2565177983868221640949869250428978029288248987001515922268644453685784315776305768605795922572470097811986046436867
493450206197554455903416285136120016076033140052604230719628030909709555721676721944179905152248972257127717767989 2565177983868221640949869250428978029288248987001515922268644453685784315776305768605795922572470097811986046436867
Intermediate X and Y3743161341453787322280551212089065269068126472432450749638483490593411192510958361205810888788533822252856056813896 93493205593971027297686075572270070573385118201526564427677345972750179652062768530151213121393155884115895788023
Result X and Y 404501252572090663725993888743733554913790711188795525980038549682166940395199129002660394554552754839619980949486 657329801556668191516204515032174779994168134610756513034881881628219877546097491021291781037351857002265885552569
404501252572090663725993888743733554913790711188795525980038549682166940395199129002660394554552754839619980949486 657329801556668191516204515032174779994168134610756513034881881628219877546097491021291781037351857002265885552569
Intermediate X and Y3969688991534663032505853805936215237378893224846638172430614079552544718848501933931403471284490509657109821452474 3432025633675123418015060119288646209992013772475811323446878014329652293423656621325059766947105902300558073011252
Result X and Y 1532442727387313191845062687953880931820059143868649879663005247591761944712450958427442258586598924941441888800359 1843598667601811355849477854999786590690519116645631604305882022732557727021951897312717823325738244719107371977418
1532442727387313191845062687953880931820059143868649879663005247591761944712450958427442258586598924941441888800359 1843598667601811355849477854999786590690519116645631604305882022732557727021951897312717823325738244719107371977418
Intermediate X and Y1519951817903011032571841919025869210723973478160954997848808636674035926338253485173007796158294620663854946333879 2735445635070802292619051725269991102229212823034682697522018917025915089228856115291471259864028666872692653300349
Result X and Y 1686999271925825175615967575085369672601790694639067367148065060000942010833902021885680864814825965631988798407661 952554498486265562274823267836639665153865366445963850459788664778596131842585499001390088684395841147055962712722
1686999271925825175615967575085369672601790694639067367148065060000942010833902021885680864814825965631988798407661 952554498486265562274823267836639665153865366445963850459788664778596131842585499001390088684395841147055962712722
Intermediate X and Y2394290970202132644222723252951178769713231701474233442951499448905034004407770213018587233520424025268932980457219 3580881704258067069389799551731622581584052183403841167467777071789265633321194770292922890618684307141668958566341
Result X and Y 3552352291131720803308790984382568067172442781229896865836452769701986741910760258322003311942294577144303980040964 2778117169728186939653029743923242711858040861493132473804531914000792770644212982825263916168935604925530682856495
3552352291131720803308790984382568067172442781229896865836452769701986741910760258322003311942294577144303980040964 2778117169728186939653029743923242711858040861493132473804531914000792770644212982825263916168935604925530682856495
Intermediate X and Y3613646801284349121205104690990188196835721182349324735493699688873579892223447283319788239717315387516439912208217 2915729026928671141246480765475873085508737464003693809202379427903100368595766266016589828989459926043710448971124
Result X and Y 2337904137347310630748437027786735435748948755838256124019199894412002113088132976429712891510372792202623552258874 3929887487499753994858286770693806749254764781792980652769961949317719675353597488429097846756191541043113108511270
2337904137347310630748437027786735435748948755838256124019199894412002113088132976429712891510372792202623552258874 3929887487499753994858286770693806749254764781792980652769961949317719675353597488429097846756191541043113108511270
Intermediate X and Y2074002468054752195601728798257751438940172066094233868447088175480448616882820317149002644775065949502215367274751 2088245428991785314534478304645293232143591580443499314235040518861461347515502205009237903659565260400082206305288
Result X and Y 1161398154183022837608405404256589183161611404349443105783212128809308066193925828408191480202007210635553982617179 593228599295697636436059866466744137142825008372871831428506906838169204599646485882824143050833204024942745012070
1161398154183022837608405404256589183161611404349443105783212128809308066193925828408191480202007210635553982617179 593228599295697636436059866466744137142825008372871831428506906838169204599646485882824143050833204024942745012070
Intermediate X and Y219325815011811701499088084318276385996189488993771913407757482162437031980988640214164326280064129955392852830577 947039907538132285088502465884786460632906203088088349546462278912200989525201798718472640257210569048932241614079
Result X and Y 309317195698863858467128619673518017308633298232162139242634320063189183590746843572197292041148716619652169484899 3402950184284123743553668069961238263507145555882689533809150901194086856915652004454053328405297108894933086195605
309317195698863858467128619673518017308633298232162139242634320063189183590746843572197292041148716619652169484899 3402950184284123743553668069961238263507145555882689533809150901194086856915652004454053328405297108894933086195605
Intermediate X and Y2193222827272033803434467830669436166013675400109306229779510189220072235285902068018302842916190765112008912189751 3405339077885164992051412794631686116680520838465140347065246151411834672759323729754143603267648517821206723356433
Result X and Y 2296329542235142016385639633038811988465090560275559668469411507504174095314230656794577008824070706151354446457288 2837293912843114611662048309785495740172291965684019253383600040815141213612906713830560647244578680991957998577293
2296329542235142016385639633038811988465090560275559668469411507504174095314230656794577008824070706151354446457288 2837293912843114611662048309785495740172291965684019253383600040815141213612906713830560647244578680991957998577293
Intermediate X and Y2405823281631395081058801671012534567643624329153328481520125779028539882400236043704404029760352230299728848918381 1707637256595305666097578264371381552453075025387260364483447624767203523083296072192125120467430056314880679177438
Result X and Y 2251594538742776549665337591571512734820984678037109021190985194172056487572045879004580819088804051294333759983757 2858450935563051506399586287221286408907143589578288627818442573881301620858304744791939009476500338641029315719930
2251594538742776549665337591571512734820984678037109021190985194172056487572045879004580819088804051294333759983757 2858450935563051506399586287221286408907143589578288627818442573881301620858304744791939009476500338641029315719930
Intermediate X and Y3133580637258974131671699879425640505486574624928322308253910577346307029560011917240963031180498634379513766804043 1783581859409132366563730354988935989136423180604323795445375781790766355460010956961903837693628724110219949575844
Result X and Y 2092652822495354747319863761638270487788887890584656107475526293674922974679269744663072690573116314657177455000011 1126275396134110336040514611815950797330102892184478503958200777858628092041853617446647664987418497526045369547006
2092652822495354747319863761638270487788887890584656107475526293674922974679269744663072690573116314657177455000011 1126275396134110336040514611815950797330102892184478503958200777858628092041853617446647664987418497526045369547006
Intermediate X and Y1420656969358327716374669448198382423769025769035379729900235237112773035636119601914335141325750616765546789027635 3608949452918493441964196666915969375570320965293241346273714803073322052576345824880279204800825094174615031264524
Result X and Y 2056291849852255774593595634005793456575118513655583732562966110248200887553861709458465517719902399172963517995 942010178853627379424839038324731054539677175203392707922916912187594163571361717221410006117881785869343462103173
2056291849852255774593595634005793456575118513655583732562966110248200887553861709458465517719902399172963517995 942010178853627379424839038324731054539677175203392707922916912187594163571361717221410006117881785869343462103173
Intermediate X and Y221623415632109888227589231768509359130778728678457144858234272903924986653395469447713887117450544132440119429648 1884158724912358452710395009064018486403911178478034482147226065981495400592387358582628863308981709220627038128775
Result X and Y 2562102161111578812885961747980614695763565712816352862062521727121095593275981422769246312632301423828193059565515 2384936221882394187526290722231942608896446603147599492463232718526360901160539310922782510271244867570543587147210
2562102161111578812885961747980614695763565712816352862062521727121095593275981422769246312632301423828193059565515 2384936221882394187526290722231942608896446603147599492463232718526360901160539310922782510271244867570543587147210
Intermediate X and Y2586479511448901529323072158424818589570913594807822230326660151638312546664484375738240583020174649983757628922673 2194493609281507831714117002159103605601335368506909136564350430659168225509689369469855178221212664494827870577724
Result X and Y 2555406894910377963689554526086185807674455014860557021827320173303004407387575872903815087723221074472810175336355 1796711847389818138487674729115335536954176406522149153931515192601630173099732076674224859680929377447921310948299
2555406894910377963689554526086185807674455014860557021827320173303004407387575872903815087723221074472810175336355 1796711847389818138487674729115335536954176406522149153931515192601630173099732076674224859680929377447921310948299
Intermediate X and Y2092207761257729558419399359535783181454577107722774280190977623572112190173157333418590842971252226496272716281825 1110908881288063524058194970644243801205837612527255220305379023220847503415732308885655351784836572775355869307293
Result X and Y 1700146347298967470571414440817495390549538343934162827342251031898515670239055888773733336248343544758186637030977 3021408454760186486036684762283100434730645407410838248119335629271491388381226006151971203060928498615230809834143
1700146347298967470571414440817495390549538343934162827342251031898515670239055888773733336248343544758186637030977 3021408454760186486036684762283100434730645407410838248119335629271491388381226006151971203060928498615230809834143
Intermediate X and Y1243847531416063400688009792916682205762420391674040698395339746843898720782932508550934591535250385619552511663900 1623821348411684766887540325243375193294836412248819991414196279847412827972669575422366610423559987516630242339384
Result X and Y 3633401975476754283920728633042250866066077175875957874224343243807220745539591409146336873368004212354340250554431 3578139798272878332067974360791806859178674429757404468786134503817653899472005487865460452660530038243796436568303
3633401975476754283920728633042250866066077175875957874224343243807220745539591409146336873368004212354340250554431 3578139798272878332067974360791806859178674429757404468786134503817653899472005487865460452660530038243796436568303
Intermediate X and Y1539398195838647829739546231973541383642873915010033938332245206762882060047425384524783066487618845722482119880470 2551463297027927697557406264546633755352663062108173251773084565822789094534357521572275996172621419644595528836581
Result X and Y 1025680693295495281692126465456665960793261522813699402337032150907083218297172501625589363019602803808029163835899 2408012093323428711627878965852965431515404081048483368979932922327472214631855458780341426885447719828284117535628
1025680693295495281692126465456665960793261522813699402337032150907083218297172501625589363019602803808029163835899 2408012093323428711627878965852965431515404081048483368979932922327472214631855458780341426885447719828284117535628
Intermediate X and Y73673835346959103714756638684271584475101840785537153848882222860213387700219075469024163341488308624363956302956 1158041236894682160307653057494100214208464814066406612747870515358154939413170291237848124074311613103370215104518
Result X and Y 3873684274758409756326127908366138301475472492570877912813657337564656578872376277021363529208490186070324293645501 1918288011060281573663436269691882630148967283566586642706934725624621789278174239857247374323256500348073462194743
3873684274758409756326127908366138301475472492570877912813657337564656578872376277021363529208490186070324293645501 1918288011060281573663436269691882630148967283566586642706934725624621789278174239857247374323256500348073462194743
Intermediate X and Y2189219332483785363401324563740204643119221145606709105674039044799719111836560542543024730806556489523347725765725 3439901039937282478632076219130215277638519728672273484131634120873558856334479808777133003678570959946871085402
Result X and Y 3171323565483112868952666935930090896768621854608675737977341506853007737848964429186154353633327706244380328399266 2733031832601218438925864261275751951864621610779533028712752911633361899688922190347186631097499367884692693969751
3171323565483112868952666935930090896768621854608675737977341506853007737848964429186154353633327706244380328399266 2733031832601218438925864261275751951864621610779533028712752911633361899688922190347186631097499367884692693969751
Intermediate X and Y3669767560366095622578061114011566807389201239516986117007160805543037546992714274128574306520247327933522506324862 2807603050337049246913827623997500271809236198631066231819202578123400696598142097807544274010463174097726938968247
Result X and Y 1473429368974287327520045616884770576262362796784149445672983545136232285028396988790358582722755944122766954724546 1625599049598020807171755646676988820919387256745034598687186384049259438976893761215367535898797983369704727338397
1473429368974287327520045616884770576262362796784149445672983545136232285028396988790358582722755944122766954724546 1625599049598020807171755646676988820919387256745034598687186384049259438976893761215367535898797983369704727338397
Intermediate X and Y2075401140793164652478122038404314136685932373291637478877823175134389314263856641988271851028915469755374957448418 1820016880133127657516071162704638807978786728697726335341423865671540626595821195576200022915426120149405666781554
Result X and Y 370157580194304397122162745140572481674494830321014700363764639499059764825787542739333716118848464097210862550177 979808237173647913704837878904415008235689524353641707099126797820227734340599874013819457774736185807162741824165
370157580194304397122162745140572481674494830321014700363764639499059764825787542739333716118848464097210862550177 979808237173647913704837878904415008235689524353641707099126797820227734340599874013819457774736185807162741824165
Intermediate X and Y3740735900522903599242375225734986072481882804460305559792097318342307334308219970693466711973289884749161160014239 2500687588421839596990028591610409596294138502368993315202847047427959178150113987582172676167494277087177362867883
Result X and Y 2286414406377609080365138475544279788023271434411673868509967107547385777428452547830032345317503617575299816885912 3717220917243718763021426912202463840835741923199332889757620205885301711117323924275489581783900448721824892070194
2286414406377609080365138475544279788023271434411673868509967107547385777428452547830032345317503617575299816885912 3717220917243718763021426912202463840835741923199332889757620205885301711117323924275489581783900448721824892070194
Intermediate X and Y2255498102573460661342600724214064495137477841689014478268194093006674250584033613817633828663926875648470684597149 1670224260558706091311228215509104020876914212174752471280754122456536559441050939099797635849427773091631699799243
Result X and Y 1926953909195988478373811194833216172803439415616345854069489152945971740707031658219634815173167435373217594964624 2718418195976420265184875507197186755807879918571119602970966277522897335074600492920270417715387140905196458235347
1926953909195988478373811194833216172803439415616345854069489152945971740707031658219634815173167435373217594964624 2718418195976420265184875507197186755807879918571119602970966277522897335074600492920270417715387140905196458235347
Intermediate X and Y1021615035369745883097572159417894976454398615806172309965198776471569206220149564733556003779153961024239433810353 1694566807435389209846928300255718359587816710151003928827053521003042891726838679488061479902677028231323500427717
Result X and Y 2986341369699658361565176834910512863426670038834497204810535881745991611822484910603001850884518668780675073209372 1555681778492587802679636572552825827062746783686824066441741395182603128701786068961271397860107512515086771349611
2986341369699658361565176834910512863426670038834497204810535881745991611822484910603001850884518668780675073209372 1555681778492587802679636572552825827062746783686824066441741395182603128701786068961271397860107512515086771349611
Intermediate X and Y1889897238056632023091911667587991461403730762386260299510361454842493328729230344289281537727728648627040591488320 2076917782983666184569303227805914083524771889099628614038190044880343930287063422061917409802564107050240855359817
Result X and Y 400271208775046850356740865050328019504561268412317510911607866054705059068899687078527412620940952968755488208397 3254008668577335457002136321007304318431510551111870899303541182723364575527610751615875109757582592586573392603284
400271208775046850356740865050328019504561268412317510911607866054705059068899687078527412620940952968755488208397 3254008668577335457002136321007304318431510551111870899303541182723364575527610751615875109757582592586573392603284
Intermediate X and Y1530938451830425340625584672746941521087115172485177199014873671026861832992632720141212810945845620676486795223715 3346756363847196871970534897027854349917643119708292863955451408254088862654364782832627405726066329666167002450071
Result X and Y 239159070540115390499668048062647404685071465334341752366875615613253881652357345763536164483913773282355313632589 1779931713536794747608785257816986079005696381010290776154741394860193696050175135833184785917805569214343818101363
239159070540115390499668048062647404685071465334341752366875615613253881652357345763536164483913773282355313632589 1779931713536794747608785257816986079005696381010290776154741394860193696050175135833184785917805569214343818101363
Intermediate X and Y1492642457653980121550721590383655418166672343613920174963498283823003234227984339265637782397205505295049125958202 1686504549022928903839135875297244218404377758558400619368209556531586006949826979093221686200980023144262823800058
Result X and Y 2657865173518349225741710099374064154993035135514297011472478378797939175836820054508359625657764889547126127318550 2167655508107144208999053269546091716824979246793497690235922635531027546240082140444138847532366853126776639559181
2657865173518349225741710099374064154993035135514297011472478378797939175836820054508359625657764889547126127318550 2167655508107144208999053269546091716824979246793497690235922635531027546240082140444138847532366853126776639559181
Intermediate X and Y200793051340005778035588775282056667880493886366638782212069528863609703672962668135965102024486539279074522702692 913492314584679720916910147172280150422766068647072664143013163695477389977942760350373632511008211083387493075991
Result X and Y 2220799157280438093370529314768169074249949160540033314927136774740076207326202712629249263287725626429790280477943 3256899715303692961894181037330365823282890801755185294444915202682004647831861813379437300753723742098149338696202
2220799157280438093370529314768169074249949160540033314927136774740076207326202712629249263287725626429790280477943 3256899715303692961894181037330365823282890801755185294444915202682004647831861813379437300753723742098149338696202
Intermediate X and Y2832665982214012249885147656851515769967899076882704246550014689943808453406298566485853314018891441868916626040209 3540080505531097073814918151011932975237015127922327572471094716984209019851335918211156641338629559049185987020360
Result X and Y 1554215309581837579713784872919023172824150664708351797322876686934270670335768151334654443634653165522980925330760 2820368958637539447941229832785964617052048896761922718771665154588492521487263815365628194075123144211150311859588
1554215309581837579713784872919023172824150664708351797322876686934270670335768151334654443634653165522980925330760 2820368958637539447941229832785964617052048896761922718771665154588492521487263815365628194075123144211150311859588
Intermediate X and Y131571790998225824691593085939098576642223308274207112110941634377602899592860961784664127559280304239191102917850 3660471516492539678293116810447053432168092395274291250627501903823073387834217659065085823383722577587524803070133
Result X and Y 2287675763080318521348522448560357043104882012068854296548148131062290570921527364890007026203456073943196087022189 2743225022495703833762157519209711360795565285464224687437659989386825641600051093300789687016067624578140580872901
2287675763080318521348522448560357043104882012068854296548148131062290570921527364890007026203456073943196087022189 2743225022495703833762157519209711360795565285464224687437659989386825641600051093300789687016067624578140580872901
Intermediate X and Y1835598512005977992266069480503653224380889394942498929160205341433104810926050721413485591023920582013691694612351 2015607893300027211796800917351497836289648934449976034576461443533371321522325589657824915452442698280258614819179
Result X and Y 793525866300292951163644156126492483720317375890901021024143032030399817613276215193032025544208705441250276839766 3971722141338423902674111026746482135013707393988547633585396026492255284893498097788628387518431763327965644968945
793525866300292951163644156126492483720317375890901021024143032030399817613276215193032025544208705441250276839766 3971722141338423902674111026746482135013707393988547633585396026492255284893498097788628387518431763327965644968945
Intermediate X and Y2468545025440785694249351112725224606411162782956554485697644172852583232652760860727192002832911165806169039439102 2349752279402915004474157033737594798772493302484243040076893364875581705634426353709780019748535438240672492214
Result X and Y 961940830861895958208421826736741693693704987010848346386960581603588286182135861638862900362257565186472565070349 2928376821184748142299005061907385731382805827314814369390426873272785503449782429479313729089473863805797485463907
961940830861895958208421826736741693693704987010848346386960581603588286182135861638862900362257565186472565070349 2928376821184748142299005061907385731382805827314814369390426873272785503449782429479313729089473863805797485463907
Intermediate X and Y1140030273775016605879493409760263001532077106859899347639012077368483902160680255593795721108236111341958778733011 1443102261182716357720688475879614795455169310920492193598142501616257832474222313006864067389623938025301606714962
Result X and Y 3826834051882409481972164970338325060640292383988376166715314086010291278453753239710421025707524780127815920894746 624256532968225543839541726368260701733911679935165775475243379256355113637699076116853668549355235050046384821881
3826834051882409481972164970338325060640292383988376166715314086010291278453753239710421025707524780127815920894746 624256532968225543839541726368260701733911679935165775475243379256355113637699076116853668549355235050046384821881
Intermediate X and Y2843622017973103792490811339726148597825253768156977240811470961785412533705380353900927371250335731593984978058581 192097477207899326245101136130235230030048749632631197924897936501431960174162102115578790912783171051848917661830
Result X and Y 3412007764861142160230474577296350383942639401026770472825284377302678969157508884257325842753918535944951674636092 2896120855615193900363065871491016816283138077704865974726776118595672919482976521444024897097873770323998180456522
3412007764861142160230474577296350383942639401026770472825284377302678969157508884257325842753918535944951674636092 2896120855615193900363065871491016816283138077704865974726776118595672919482976521444024897097873770323998180456522
Intermediate X and Y804035530940533422802668642335622001514141125390674663918766150339611955800118805098390075174761743747499108286292 932100166244045593278222290305834633794510642169166257240777206133611199148179421882358020342231510023960812622357
Result X and Y 2761433988586309126107970416236825259761623847563205612449000616569846361019094180531311937611457794334925069276838 2679843835235754392071233402846063102445010908253452948824116495641796184408864607565559564231817348712273843854784
2761433988586309126107970416236825259761623847563205612449000616569846361019094180531311937611457794334925069276838 2679843835235754392071233402846063102445010908253452948824116495641796184408864607565559564231817348712273843854784
Output written to out.dat
Comparing against golden output...
INFO: [SIM 1] CSim done with 0 errors.
INFO: [SIM 3] *************** CSIM finish ***************
